<?xml version="1.0" encoding="UTF-8" ?>
<testsuite errors="0" failures="0" hostname="Theone" name="geopt.geometry.VectorTest" tests="7" time="1.027" timestamp="2008-02-18T21:15:51">
  <properties>
    <property name="default.javac.source" value="1.6" />
    <property name="file.encoding.pkg" value="sun.io" />
    <property name="libs.toplink.maven-pom" value="" />
    <property name="javac.source" value="1.5" />
    <property name="netbeans.system_http_proxy" value="DIRECT" />
    <property name="java.home" value="D:\prog\Java\jdk1.6.0_04\jre" />
    <property name="test.src.dir" value="test" />
    <property name="libs.jaxws21.src" value="" />
    <property name="javadoc.version" value="false" />
    <property name="libs.CopyLibs.classpath" value="D:\prog\NetBeans 6.0\java1\ant\extra\org-netbeans-modules-java-j2seproject-copylibstask.jar" />
    <property name="libs.javac-api.src" value="" />
    <property name="java.endorsed.dirs" value="D:\prog\Java\jdk1.6.0_04\jre\lib\endorsed" />
    <property name="libs.MySQLDriver.classpath" value="D:\prog\NetBeans 6.0\ide8\modules\ext\mysql-connector-java-5.0.7-bin.jar" />
    <property name="libs.junit.maven-pom" value="" />
    <property name="libs.PostgreSQLDriver.src" value="" />
    <property name="src.dir" value="src" />
    <property name="nbplatform.default.harness.dir" value="D:\prog\NetBeans 6.0/harness" />
    <property name="debug-args-line" value="-Xdebug" />
    <property name="netbeans.hash.code" value="unique=NB091836093-33e6-447c-885e-b3b1879c93bc" />
    <property name="build.sysclasspath" value="ignore" />
    <property name="have.sources" value="true" />
    <property name="includes" value="**" />
    <property name="source.encoding" value="UTF-8" />
    <property name="libs.jaxws21.classpath" value="D:\prog\NetBeans 6.0\java1\modules\ext\jaxws21\activation.jar;D:\prog\NetBeans 6.0\java1\modules\ext\jaxws21\FastInfoset.jar;D:\prog\NetBeans 6.0\java1\modules\ext\jaxws21\http.jar;D:\prog\NetBeans 6.0\java1\modules\ext\jaxws21\api\jaxb-api.jar;D:\prog\NetBeans 6.0\java1\modules\ext\jaxws21\jaxb-impl.jar;D:\prog\NetBeans 6.0\java1\modules\ext\jaxws21\jaxb-xjc.jar;D:\prog\NetBeans 6.0\java1\modules\ext\jaxws21\api\jaxws-api.jar;D:\prog\NetBeans 6.0\java1\modules\ext\jaxws21\jaxws-rt.jar;D:\prog\NetBeans 6.0\java1\modules\ext\jaxws21\jaxws-tools.jar;D:\prog\NetBeans 6.0\java1\modules\ext\jaxws21\api\jsr173_api.jar;D:\prog\NetBeans 6.0\java1\modules\ext\jaxws21\api\jsr181-api.jar;D:\prog\NetBeans 6.0\java1\modules\ext\jaxws21\api\jsr250-api.jar;D:\prog\NetBeans 6.0\java1\modules\ext\jaxws21\api\saaj-api.jar;D:\prog\NetBeans 6.0\java1\modules\ext\jaxws21\saaj-impl.jar;D:\prog\NetBeans 6.0\java1\modules\ext\jaxws21\sjsxp.jar;D:\prog\NetBeans 6.0\java1\modules\ext\jaxws21\stax-ex.jar;D:\prog\NetBeans 6.0\java1\modules\ext\jaxws21\streambuffer.jar" />
    <property name="libs.swing-app-framework.javadoc" value="D:\prog\NetBeans 6.0\java1\docs\appframework-1.0.3-doc.zip" />
    <property name="sun.os.patch.level" value="" />
    <property name="java.vendor.url" value="http://java.sun.com/" />
    <property name="java.version" value="1.6.0_04" />
    <property name="libs.jaxb21.javadoc" value="" />
    <property name="javac.debug" value="true" />
    <property name="org.openide.major.version" value="IDE/1" />
    <property name="run.classpath" value=":build/classes" />
    <property name="libs.PostgreSQLDriver.maven-pom" value="" />
    <property name="java.vendor.url.bug" value="http://java.sun.com/cgi-bin/bugreport.cgi" />
    <property name="netbeans.autoupdate.variant" value="" />
    <property name="libs.absolutelayout.javadoc" value="" />
    <property name="libs.junit_4.maven-pom" value="" />
    <property name="netbeans.buildnumber" value="200711261600" />
    <property name="libs.swing-app-framework.maven-pom" value="" />
    <property name="user.name" value="ASG" />
    <property name="sun.io.unicode.encoding" value="UnicodeLittle" />
    <property name="sun.jnu.encoding" value="Cp1251" />
    <property name="java.runtime.name" value="Java(TM) SE Runtime Environment" />
    <property name="libs.nb-junit.maven-pom" value="" />
    <property name="jdk.home" value="D:\prog\Java\jdk1.6.0_04" />
    <property name="sun.awt.keepWorkingSetOnMinimize" value="true" />
    <property name="netbeans.autoupdate.version" value="1.23" />
    <property name="org.openide.TopManager" value="org.netbeans.core.NonGui" />
    <property name="netbeans.dirs" value="D:\prog\NetBeans 6.0\nb6.0;D:\prog\NetBeans 6.0\ide8;D:\prog\NetBeans 6.0\java1;D:\prog\NetBeans 6.0\apisupport1;D:\prog\NetBeans 6.0\profiler2;D:\prog\NetBeans 6.0\uml4;D:\prog\NetBeans 6.0\harness;D:\prog\NetBeans 6.0\cnd1;D:\prog\NetBeans 6.0\testtools" />
    <property name="java.specification.name" value="Java Platform API Specification" />
    <property name="javadoc.author" value="false" />
    <property name="user.timezone" value="" />
    <property name="netbeans.system_http_non_proxy_hosts" value="" />
    <property name="libs.swing-layout.maven-pom" value="" />
    <property name="libs.junit.javadoc" value="D:\prog\NetBeans 6.0\java1\docs\junit-3.8.2-api.zip" />
    <property name="org.openide.specification.version" value="6.2" />
    <property name="path.separator" value=";" />
    <property name="version-output" value="java version &quot;1.6" />
    <property name="libs.absolutelayout.classpath" value="D:\prog\NetBeans 6.0\java1\modules\ext\AbsoluteLayout.jar" />
    <property name="ant.file.GeoptMathLib" value="E:\ASG\projects\Geopt\GeoptMathLib\build.xml" />
    <property name="netbeans.accept_license_class" value="org.netbeans.license.AcceptLicense" />
    <property name="file.encoding" value="Cp1251" />
    <property name="dist.javadoc.dir" value="dist/javadoc" />
    <property name="https.nonProxyHosts" value="localhost|127.0.0.1|Theone" />
    <property name="libs.junit.src" value="" />
    <property name="libs.jaxb21.maven-pom" value="" />
    <property name="ant.file" value="E:\ASG\projects\Geopt\GeoptMathLib\build.xml" />
    <property name="libs.nb-junit-ide.maven-pom" value="" />
    <property name="libs.nb-junit-ide.src" value="" />
    <property name="libs.junit_4.src" value="" />
    <property name="netbeans.autoupdate.language" value="ru" />
    <property name="java.io.tmpdir" value="C:\Users\ASG\AppData\Local\Temp\" />
    <property name="build.test.results.dir" value="build/test/results" />
    <property name="user.language" value="ru" />
    <property name="line.separator" value="
" />
    <property name="apple.laf.useScreenMenuBar" value="true" />
    <property name="libs.absolutelayout.src" value="" />
    <property name="javac.compilerargs" value="" />
    <property name="jar.compress" value="false" />
    <property name="javac.compilerargs.jaxws" value="" />
    <property name="java.vm.info" value="mixed mode, sharing" />
    <property name="libs.javac-api.maven-pom" value="" />
    <property name="javadoc.private" value="false" />
    <property name="sun.desktop" value="windows" />
    <property name="java.vm.specification.name" value="Java Virtual Machine Specification" />
    <property name="build.test.classes.dir" value="build/test/classes" />
    <property name="jaxws.endorsed.dir" value="D:\prog\NetBeans 6.0\java1\modules\ext\jaxws21\api" />
    <property name="libs.MySQLDriver.javadoc" value="" />
    <property name="netbeans.dynamic.classpath" value="D:\prog\NetBeans 6.0\platform7\core\core.jar;D:\prog\NetBeans 6.0\platform7\core\org-openide-filesystems.jar;D:\prog\NetBeans 6.0\nb6.0\core\org-netbeans-upgrader.jar;D:\prog\NetBeans 6.0\nb6.0\core\locale\core_nb.jar" />
    <property name="libs.beans-binding.javadoc" value="D:\prog\NetBeans 6.0\java1\docs\beansbinding-1.2.1-doc.zip" />
    <property name="platform.active" value="default_platform" />
    <property name="http.nonProxyHosts" value="localhost|127.0.0.1|Theone" />
    <property name="libs.junit_4.javadoc" value="" />
    <property name="netbeans.autoupdate.country" value="RU" />
    <property name="libs.beans-binding.maven-pom" value="" />
    <property name="javadoc.encoding" value="UTF-8" />
    <property name="java.awt.printerjob" value="sun.awt.windows.WPrinterJob" />
    <property name="dist.jar" value="dist/GeoptMathLib.jar" />
    <property name="meta.inf.dir" value="src/META-INF" />
    <property name="ant.version" value="Apache Ant version 1.7.0 compiled on December 13 2006" />
    <property name="netbeans.home" value="D:\prog\NetBeans 6.0\platform7" />
    <property name="javadoc.nonavbar" value="false" />
    <property name="user.properties.file" value="C:\Users\ASG\.netbeans\6.0\build.properties" />
    <property name="libs.toplink.classpath" value="C:\Users\ASG\.netbeans\6.0\modules\ext\toplink\toplink-essentials.jar;C:\Users\ASG\.netbeans\6.0\modules\ext\toplink\toplink-essentials-agent.jar" />
    <property name="netbeans.importclass" value="org.netbeans.upgrade.AutoUpgrade" />
    <property name="libs.CopyLibs.maven-pom" value="" />
    <property name="build.generated.dir" value="build/generated" />
    <property name="netbeans.home+have.tests" value="true" />
    <property name="os.name" value="Windows Vista" />
    <property name="java.specification.vendor" value="Sun Microsystems Inc." />
    <property name="run.test.classpath" value=":build/classes:D:\prog\NetBeans 6.0\java1\modules\ext\junit-4.1.jar:build/test/classes" />
    <property name="java.vm.name" value="Java HotSpot(TM) Client VM" />
    <property name="libs.CopyLibs.src" value="" />
    <property name="libs.jaxb21.src" value="" />
    <property name="org.openide.version" value="deprecated" />
    <property name="libs.junit.classpath" value="D:\prog\NetBeans 6.0\java1\modules\ext\junit-3.8.2.jar" />
    <property name="libs.beans-binding.src" value="" />
    <property name="java.library.path" value="D:\prog\Java\jdk1.6.0_04\jre\bin;.;C:\Windows\Sun\Java\bin;C:\Windows\system32;C:\Windows;D:\prog\Borland\CBUILD~1\Bin;D:\prog\Borland\CBUILD~1\Projects\Bpl;d:\prog\ruby\bin;C:\Windows\system32;C:\Windows;C:\Windows\System32\Wbem;E:\cmd-util;E:\cmd-util\prog;D:\prog\Common Files\GTK\2.0\bin;C:\Windows\System32\WindowsPowerShell\v1.0\;D:\prog\Microsoft SDK\Bin\.;D:\prog\Microsoft SDK\Bin\WinNT\.;D:\prog\Common Files\Adobe\AGL;D:\prog\Microsoft SQL Server\90\Tools\binn\;D:\prog\Microsoft SDK\Bin\.;D:\prog\Microsoft SDK\Bin\WinNT\.;" />
    <property name="libs.PostgreSQLDriver.javadoc" value="" />
    <property name="libs.toplink.javadoc" value="" />
    <property name="ant.java.version" value="1.6" />
    <property name="basedir" value="E:\ASG\projects\Geopt\GeoptMathLib" />
    <property name="javadoc.noindex" value="false" />
    <property name="java.class.version" value="50.0" />
    <property name="sun.awt.exception.handler" value="org.netbeans.core.startup.TopLogging$AWTHandler" />
    <property name="javac.test.classpath" value=":build/classes:D:\prog\NetBeans 6.0\java1\modules\ext\junit-4.1.jar" />
    <property name="ant.home" value="D:\prog\NetBeans 6.0\java1\ant" />
    <property name="ant.file.GeoptMathLib-impl" value="E:\ASG\projects\Geopt\GeoptMathLib\nbproject\build-impl.xml" />
    <property name="javadoc.splitindex" value="true" />
    <property name="libs.toplink.src" value="" />
    <property name="libs.nb-junit-ide.javadoc" value="D:\prog\NetBeans 6.0\testtools\docs\org-netbeans-modules-nbjunit-ide.zip" />
    <property name="libs.javac-api.javadoc" value="" />
    <property name="javadoc.preview" value="true" />
    <property name="libs.MySQLDriver.maven-pom" value="" />
    <property name="libs.CopyLibs.javadoc" value="" />
    <property name="libs.PostgreSQLDriver.classpath" value="D:\prog\NetBeans 6.0\ide8\modules\ext\postgresql-8.2-506.jdbc3.jar" />
    <property name="libs.junit_4.classpath" value="D:\prog\NetBeans 6.0\java1\modules\ext\junit-4.1.jar" />
    <property name="libs.jaxws21.maven-pom" value="" />
    <property name="sun.boot.library.path" value="D:\prog\Java\jdk1.6.0_04\jre\bin" />
    <property name="build.dir" value="build" />
    <property name="libs.swing-app-framework.classpath" value="D:\prog\NetBeans 6.0\java1\modules\ext\appframework-1.0.3.jar;D:\prog\NetBeans 6.0\java1\modules\ext\swing-worker-1.1.jar" />
    <property name="sun.management.compiler" value="HotSpot Client Compiler" />
    <property name="user.variant" value="" />
    <property name="java.awt.graphicsenv" value="sun.awt.Win32GraphicsEnvironment" />
    <property name="javadoc.encoding.used" value="UTF-8" />
    <property name="javadoc.windowtitle" value="" />
    <property name="libs.nb-junit.classpath" value="D:\prog\NetBeans 6.0\testtools\modules\org-netbeans-modules-nbjunit.jar;C:\Users\ASG\.netbeans\6.0\modules\org-netbeans-insane.jar" />
    <property name="run.jvmargs" value="" />
    <property name="build.compiler.emacs" value="true" />
    <property name="ant.project.name" value="GeoptMathLib" />
    <property name="libs.swing-layout.classpath" value="D:\prog\NetBeans 6.0\platform7\modules\ext\swing-layout-1.0.3.jar" />
    <property name="java.vm.specification.version" value="1.0" />
    <property name="work.dir" value="E:\ASG\projects\Geopt\GeoptMathLib" />
    <property name="awt.toolkit" value="sun.awt.windows.WToolkit" />
    <property name="javadoc.use" value="true" />
    <property name="sun.cpu.isalist" value="pentium_pro+mmx pentium_pro pentium+mmx pentium i486 i386 i86" />
    <property name="java.ext.dirs" value="D:\prog\Java\jdk1.6.0_04\jre\lib\ext;C:\Windows\Sun\Java\lib\ext" />
    <property name="os.version" value="6.0" />
    <property name="excludes" value="" />
    <property name="user.home" value="C:\Users\ASG" />
    <property name="libs.jaxb21.classpath" value="D:\prog\NetBeans 6.0\java1\modules\ext\jaxws21\activation.jar;D:\prog\NetBeans 6.0\java1\modules\ext\jaxws21\api\jaxb-api.jar;D:\prog\NetBeans 6.0\java1\modules\ext\jaxws21\jaxb-impl.jar;D:\prog\NetBeans 6.0\java1\modules\ext\jaxws21\jaxb-xjc.jar;D:\prog\NetBeans 6.0\java1\modules\ext\jaxws21\api\jsr173_api.jar" />
    <property name="org.xml.sax.driver" value="com.sun.org.apache.xerces.internal.jaxp.SAXParserImpl$JAXPSAXParser" />
    <property name="javax.xml.parsers.DocumentBuilderFactory" value="org.netbeans.core.startup.DOMFactoryImpl" />
    <property name="java.vm.vendor" value="Sun Microsystems Inc." />
    <property name="libs.absolutelayout.maven-pom" value="" />
    <property name="user.dir" value="E:\ASG\projects\Geopt\GeoptMathLib" />
    <property name="org.openide.TopManager.GUI" value="true" />
    <property name="application.args" value="" />
    <property name="sun.cpu.endian" value="little" />
    <property name="libs.MySQLDriver.src" value="" />
    <property name="java.vm.version" value="10.0-b19" />
    <property name="java.class.path" value="E:\ASG\projects\Geopt\GeoptMathLib\build\classes;D:\prog\NetBeans 6.0\java1\modules\ext\junit-4.1.jar;E:\ASG\projects\Geopt\GeoptMathLib\build\test\classes;D:\prog\NetBeans 6.0\java1\ant\lib\ant-launcher.jar;D:\prog\NetBeans 6.0\java1\ant\lib\ant.jar;D:\prog\NetBeans 6.0\java1\ant\lib\ant-junit.jar" />
    <property name="javax.xml.parsers.SAXParserFactory" value="org.netbeans.core.startup.SAXFactoryImpl" />
    <property name="libs.nb-junit-ide.classpath" value="D:\prog\NetBeans 6.0\testtools\modules\org-netbeans-modules-nbjunit-ide.jar" />
    <property name="os.arch" value="x86" />
    <property name="javac.deprecation" value="false" />
    <property name="libs.nb-junit.src" value="" />
    <property name="nbplatform.default.netbeans.dest.dir" value="D:\prog\NetBeans 6.0" />
    <property name="build.classes.excludes" value="**/*.java,**/*.form" />
    <property name="dist.dir" value="dist" />
    <property name="netbeans.user" value="C:\Users\ASG\.netbeans\6.0" />
    <property name="debug.classpath" value=":build/classes" />
    <property name="sun.java.launcher" value="SUN_STANDARD" />
    <property name="ant.core.lib" value="D:\prog\NetBeans 6.0\java1\ant\lib\ant.jar" />
    <property name="java.vm.specification.vendor" value="Sun Microsystems Inc." />
    <property name="do.depend" value="false" />
    <property name="file.separator" value="\" />
    <property name="java.runtime.version" value="1.6.0_04-b12" />
    <property name="sun.boot.class.path" value="D:\prog\Java\jdk1.6.0_04\jre\lib\resources.jar;D:\prog\Java\jdk1.6.0_04\jre\lib\rt.jar;D:\prog\Java\jdk1.6.0_04\jre\lib\sunrsasign.jar;D:\prog\Java\jdk1.6.0_04\jre\lib\jsse.jar;D:\prog\Java\jdk1.6.0_04\jre\lib\jce.jar;D:\prog\Java\jdk1.6.0_04\jre\lib\charsets.jar;D:\prog\Java\jdk1.6.0_04\jre\classes" />
    <property name="debug.test.classpath" value=":build/classes:D:\prog\NetBeans 6.0\java1\modules\ext\junit-4.1.jar:build/test/classes" />
    <property name="libs.beans-binding.classpath" value="D:\prog\NetBeans 6.0\java1\modules\ext\beansbinding-1.2.1.jar" />
    <property name="have.tests" value="true" />
    <property name="java.util.logging.config.class" value="org.netbeans.core.startup.TopLogging" />
    <property name="libs.javac-api.classpath" value="D:\prog\NetBeans 6.0\java1\modules\ext\javac-api.jar" />
    <property name="user.country" value="RU" />
    <property name="javadoc.notree" value="false" />
    <property name="libs.nb-junit.javadoc" value="D:\prog\NetBeans 6.0\testtools\docs\org-netbeans-modules-nbjunit.zip" />
    <property name="libs.jaxws21.javadoc" value="D:\prog\NetBeans 6.0\java1\docs\jaxws-2_1-api-doc.zip" />
    <property name="javadoc.additionalparam" value="" />
    <property name="default.javac.target" value="1.6" />
    <property name="javac.classpath" value="" />
    <property name="build.classes.dir" value="build/classes" />
    <property name="libs.swing-layout.javadoc" value="D:\prog\NetBeans 6.0\platform7\docs\swing-layout-1.0.3-doc.zip" />
    <property name="libs.swing-layout.src" value="D:\prog\NetBeans 6.0\platform7\docs\swing-layout-1.0.3-src.zip" />
    <property name="java.vendor" value="Sun Microsystems Inc." />
    <property name="javac.target" value="1.5" />
    <property name="libs.swing-app-framework.src" value="" />
    <property name="java.specification.version" value="1.6" />
    <property name="sun.arch.data.model" value="32" />
  </properties>
  <testcase classname="geopt.geometry.VectorTest" name="smul" time="0.013" />
  <testcase classname="geopt.geometry.VectorTest" name="vmul" time="0.047" />
  <testcase classname="geopt.geometry.VectorTest" name="mixedProduct" time="0.0020" />
  <testcase classname="geopt.geometry.VectorTest" name="isCollinear" time="0.0020" />
  <testcase classname="geopt.geometry.VectorTest" name="isOrthogonal" time="0.0060" />
  <testcase classname="geopt.geometry.VectorTest" name="isComplanar" time="0.0020" />
  <testcase classname="geopt.geometry.VectorTest" name="abs" time="0.0030" />
  <system-out><![CDATA[smul
vmul
(1.00000, 0.00000, 0.00000)
(0.00000, 1.00000, 0.00000)
(0.00000, 0.00000, 1.00000)
mixedProduct
isCollinear
isOrthogonal
isComplanar
abs
]]></system-out>
  <system-err><![CDATA[]]></system-err>
</testsuite>
